     1                                  ; Reference: 作って理解するOS x86系コンピュータを動かす理論と実装 (https://gihyo.jp/book/2019/978-4-297-10847-2)
     2                                  
     3                                      BOOT_LOAD equ 0x7C00 ; Address of boot program
     4                                  
     5                                      ORG BOOT_LOAD        ; Instract load address to assembler.
     6                                  
     7                                  ; *****************
     8                                  ;    Entory Point 
     9                                  ; *****************
    10                                  entry:
    11 00000000 EB58                        jmp     ipl
    12 00000002 90<rep 58h>                 times    90-($-$$) db 0x90 ; BPB(BOPS Parameter Block)
    13                                  
    14                                  ipl:
    15 0000005A FA                          cli     ; Disabling Inerrupt
    16                                  
    17 0000005B B80000                      mov     ax, 0x0000
    18 0000005E 8ED8                        mov     ds, ax
    19 00000060 8EC0                        mov     es, ax
    20 00000062 8ED0                        mov     ss, ax
    21 00000064 BC007C                      mov     sp, BOOT_LOAD
    22                                  
    23 00000067 FB                          sti
    24                                  
    25 00000068 8816[7800]                  mov     [BOOT.DRIVE], dl
    26                                  
    27 0000006C B041                        mov     al, 'A'     ; AL = output word
    28 0000006E B40E                        mov     ah, 0x0E    ; teletype's single word output
    29 00000070 BB0000                      mov     bx, 0x0000  ; setting page number and word's color 0
    30 00000073 CD10                        int     0x10        ; call video BIOS.
    31                                  
    32 00000075 EBFE                        jmp     $
    33                                  
    34 00000077 00                      ALIGN 2, db 0
    35                                  BOOT:
    36 00000078 0000                    .DRIVE:     dw 0
    37                                  
    38 0000007A 00<rep 184h>                times    510-($-$$) db 0x00
    39 000001FE 55AA                        db      0x55, 0xAA
