     1                                  ; Reference: 作って理解するOS x86系コンピュータを動かす理論と実装 (https://gihyo.jp/book/2019/978-4-297-10847-2)
     2                                  
     3                                      BOOT_LOAD   equ     0x7C00 ; Address of boot program
     4                                  
     5                                      ORG     BOOT_LOAD          ; Instract load address to assembler.
     6                                  
     7                                  ; *****************
     8                                  ;    Entory Point 
     9                                  ; *****************
    10                                  entry:
    11 00000000 EB58                        jmp     ipl
    12 00000002 90<rep 58h>                 times   90 - ( $ - $$ ) db 0x90 ; BPB(BOPS Parameter Block)
    13                                  
    14                                  ipl:
    15 0000005A FA                          cli     ; Disabling Inerrupt
    16                                  
    17 0000005B B80000                      mov     ax, 0x0000
    18 0000005E 8ED8                        mov     ds, ax
    19 00000060 8EC0                        mov     es, ax
    20 00000062 8ED0                        mov     ss, ax
    21 00000064 BC007C                      mov     sp, BOOT_LOAD
    22                                  
    23 00000067 FB                          sti
    24                                  
    25 00000068 8816[6E00]                  mov     [BOOT.DRIVE], dl
    26                                  
    27 0000006C EBFE                        jmp     $
    28                                  
    29                                  ALIGN 2, db 0
    30                                  BOOT:
    31 0000006E 0000                    .DRIVE:     dw 0
    32                                  
    33 00000070 00<rep 18Eh>                times    510-($-$$) db 0x00
    34 000001FE 55AA                        db      0x55, 0xAA
    35                                  
